Number of files kept in PFS: 4/32
NODE 1
TASK 1
CORE 1
session ID is: 25922
instance ID is: 17709
fragments list:
frag state instID capacity gran node
1411130  CA-- 17709  20.14GiB nid09105 
Starting STAGE_IN... 2019-11-14 15:40:08.323133803-08:00
TIME STAGE_IN 5.718243298
/var/opt/cray/dws/mounts/batch/25823427_striped_scratch/input/PTF201111274755_2_o_38996_06.w.weight.fits                                               16.00433349609375 MB
/var/opt/cray/dws/mounts/batch/25823427_striped_scratch/input/PTF201111234857_2_o_37754_06.w.fits                                                      32.02789306640625 MB
/var/opt/cray/dws/mounts/batch/25823427_striped_scratch/input/PTF201111095206_2_o_34706_06.w.fits                                                      32.02789306640625 MB
/var/opt/cray/dws/mounts/batch/25823427_striped_scratch/input/PTF201111184953_2_o_36749_06.w.weight.fits                                               16.00433349609375 MB
/var/opt/cray/dws/mounts/batch/25823427_striped_scratch/input/PTF201111294943_2_o_39822_06.w.weight.fits                                               16.00433349609375 MB
/var/opt/cray/dws/mounts/batch/25823427_striped_scratch/input/PTF201111294943_2_o_39822_06.w.fits                                                      32.02789306640625 MB
/var/opt/cray/dws/mounts/batch/25823427_striped_scratch/input/PTF201111184953_2_o_36749_06.w.fits                                                      32.02789306640625 MB
/var/opt/cray/dws/mounts/batch/25823427_striped_scratch/input/PTF201111284696_2_o_39396_06.w.weight.fits                                               16.00433349609375 MB
/var/opt/cray/dws/mounts/batch/25823427_striped_scratch/input/PTF201111284696_2_o_39396_06.w.fits                                                      32.02789306640625 MB
/global/cscratch1/sd/lpottier/workflow-io-bb/real-workflows/swarp//input/PTF201111015420_2_o_32874_06.w.weight.fits                                    16.00433349609375 MB
/global/cscratch1/sd/lpottier/workflow-io-bb/real-workflows/swarp//input/PTF201111025412_2_o_33288_06.w.fits                                           32.02789306640625 MB
/var/opt/cray/dws/mounts/batch/25823427_striped_scratch/input/PTF201111155050_2_o_35570_06.w.weight.fits                                               16.00433349609375 MB
/var/opt/cray/dws/mounts/batch/25823427_striped_scratch/input/PTF201111224851_2_o_37387_06.w.fits                                                      32.02789306640625 MB
/var/opt/cray/dws/mounts/batch/25823427_striped_scratch/input/PTF201111035427_2_o_33741_06.w.weight.fits                                               16.00433349609375 MB
/var/opt/cray/dws/mounts/batch/25823427_striped_scratch/input/PTF201111265053_2_o_38612_06.w.fits                                                      32.02789306640625 MB
/var/opt/cray/dws/mounts/batch/25823427_striped_scratch/input/PTF201111095206_2_o_34706_06.w.weight.fits                                               16.00433349609375 MB
/var/opt/cray/dws/mounts/batch/25823427_striped_scratch/input/PTF201111085228_2_o_34301_06.w.weight.fits                                               16.00433349609375 MB
/var/opt/cray/dws/mounts/batch/25823427_striped_scratch/input/PTF201111234857_2_o_37754_06.w.weight.fits                                               16.00433349609375 MB
/var/opt/cray/dws/mounts/batch/25823427_striped_scratch/input/PTF201111274755_2_o_38996_06.w.fits                                                      32.02789306640625 MB
/global/cscratch1/sd/lpottier/workflow-io-bb/real-workflows/swarp//input/PTF201111025412_2_o_33288_06.w.weight.fits                                    16.00433349609375 MB
/var/opt/cray/dws/mounts/batch/25823427_striped_scratch/input/PTF201111035427_2_o_33741_06.w.fits                                                      32.02789306640625 MB
/global/cscratch1/sd/lpottier/workflow-io-bb/real-workflows/swarp//input/PTF201111015420_2_o_32874_06.w.fits                                           32.02789306640625 MB
/var/opt/cray/dws/mounts/batch/25823427_striped_scratch/input/PTF201111085228_2_o_34301_06.w.fits                                                      32.02789306640625 MB
/var/opt/cray/dws/mounts/batch/25823427_striped_scratch/input/PTF201111025428_2_o_33289_06.w.weight.fits                                               16.00433349609375 MB
/var/opt/cray/dws/mounts/batch/25823427_striped_scratch/input/PTF201111165032_2_o_35994_06.w.fits                                                      32.02789306640625 MB
/var/opt/cray/dws/mounts/batch/25823427_striped_scratch/input/PTF201111304878_2_o_40204_06.w.fits                                                      32.02789306640625 MB
/var/opt/cray/dws/mounts/batch/25823427_striped_scratch/input/PTF201111155050_2_o_35570_06.w.fits                                                      32.02789306640625 MB
/var/opt/cray/dws/mounts/batch/25823427_striped_scratch/input/PTF201111224851_2_o_37387_06.w.weight.fits                                               16.00433349609375 MB
/var/opt/cray/dws/mounts/batch/25823427_striped_scratch/input/PTF201111025428_2_o_33289_06.w.fits                                                      32.02789306640625 MB
/var/opt/cray/dws/mounts/batch/25823427_striped_scratch/input/PTF201111265053_2_o_38612_06.w.weight.fits                                               16.00433349609375 MB
/var/opt/cray/dws/mounts/batch/25823427_striped_scratch/input/PTF201111304878_2_o_40204_06.w.weight.fits                                               16.00433349609375 MB
/var/opt/cray/dws/mounts/batch/25823427_striped_scratch/input/PTF201111165032_2_o_35994_06.w.weight.fits                                               16.00433349609375 MB

ON BURST BUFFERS                                                                                                                                       87.5% (672.45 MB)
673M	/var/opt/cray/dws/mounts/batch/25823427_striped_scratch/
Starting RESAMPLE... 2019-11-14 15:40:14.232378668-08:00
TIME RESAMPLE 126.192337206
Starting combine... 2019-11-14 15:42:20.451299256-08:00
TIME COMBINE 76.651525502
1.7G	/var/opt/cray/dws/mounts/batch/25823427_striped_scratch/
Starting STAGE_OUT... 2019-11-14 15:43:37.183318921-08:00
