Number of files kept in PFS:0/0
NODE=4
TASK=4
CORE=16
NTASKS_PER_NODE=
Compute nodes: nid00727
nid00727
nid00672
nid00672 
Starting STAGE_IN... 2019-12-16 12:20:30.810428441-08:00
TIME STAGE_IN .101748421
/global/cscratch1/sd/lpottier/workflow-io-bb/real-workflows/swarp/input/PTF201111274755_2_o_38996_06.w.weight.fits                                     16.00433349609375 MB
/global/cscratch1/sd/lpottier/workflow-io-bb/real-workflows/swarp/input/PTF201111234857_2_o_37754_06.w.fits                                            32.02789306640625 MB
/global/cscratch1/sd/lpottier/workflow-io-bb/real-workflows/swarp/input/PTF201111095206_2_o_34706_06.w.fits                                            32.02789306640625 MB
/global/cscratch1/sd/lpottier/workflow-io-bb/real-workflows/swarp/input/PTF201111184953_2_o_36749_06.w.weight.fits                                     16.00433349609375 MB
/global/cscratch1/sd/lpottier/workflow-io-bb/real-workflows/swarp/input/PTF201111294943_2_o_39822_06.w.weight.fits                                     16.00433349609375 MB
/global/cscratch1/sd/lpottier/workflow-io-bb/real-workflows/swarp/input/PTF201111294943_2_o_39822_06.w.fits                                            32.02789306640625 MB
/global/cscratch1/sd/lpottier/workflow-io-bb/real-workflows/swarp/input/PTF201111184953_2_o_36749_06.w.fits                                            32.02789306640625 MB
/global/cscratch1/sd/lpottier/workflow-io-bb/real-workflows/swarp/input/PTF201111284696_2_o_39396_06.w.weight.fits                                     16.00433349609375 MB
/global/cscratch1/sd/lpottier/workflow-io-bb/real-workflows/swarp/input/PTF201111284696_2_o_39396_06.w.fits                                            32.02789306640625 MB
/global/cscratch1/sd/lpottier/workflow-io-bb/real-workflows/swarp/input/PTF201111015420_2_o_32874_06.w.weight.fits                                     16.00433349609375 MB
/global/cscratch1/sd/lpottier/workflow-io-bb/real-workflows/swarp/input/PTF201111025412_2_o_33288_06.w.fits                                            32.02789306640625 MB
/global/cscratch1/sd/lpottier/workflow-io-bb/real-workflows/swarp/input/PTF201111155050_2_o_35570_06.w.weight.fits                                     16.00433349609375 MB
/global/cscratch1/sd/lpottier/workflow-io-bb/real-workflows/swarp/input/PTF201111224851_2_o_37387_06.w.fits                                            32.02789306640625 MB
/global/cscratch1/sd/lpottier/workflow-io-bb/real-workflows/swarp/input/PTF201111035427_2_o_33741_06.w.weight.fits                                     16.00433349609375 MB
/global/cscratch1/sd/lpottier/workflow-io-bb/real-workflows/swarp/input/PTF201111265053_2_o_38612_06.w.fits                                            32.02789306640625 MB
/global/cscratch1/sd/lpottier/workflow-io-bb/real-workflows/swarp/input/PTF201111095206_2_o_34706_06.w.weight.fits                                     16.00433349609375 MB
/global/cscratch1/sd/lpottier/workflow-io-bb/real-workflows/swarp/input/PTF201111085228_2_o_34301_06.w.weight.fits                                     16.00433349609375 MB
/global/cscratch1/sd/lpottier/workflow-io-bb/real-workflows/swarp/input/PTF201111234857_2_o_37754_06.w.weight.fits                                     16.00433349609375 MB
/global/cscratch1/sd/lpottier/workflow-io-bb/real-workflows/swarp/input/PTF201111274755_2_o_38996_06.w.fits                                            32.02789306640625 MB
/global/cscratch1/sd/lpottier/workflow-io-bb/real-workflows/swarp/input/PTF201111025412_2_o_33288_06.w.weight.fits                                     16.00433349609375 MB
/global/cscratch1/sd/lpottier/workflow-io-bb/real-workflows/swarp/input/PTF201111035427_2_o_33741_06.w.fits                                            32.02789306640625 MB
/global/cscratch1/sd/lpottier/workflow-io-bb/real-workflows/swarp/input/PTF201111015420_2_o_32874_06.w.fits                                            32.02789306640625 MB
/global/cscratch1/sd/lpottier/workflow-io-bb/real-workflows/swarp/input/PTF201111085228_2_o_34301_06.w.fits                                            32.02789306640625 MB
/global/cscratch1/sd/lpottier/workflow-io-bb/real-workflows/swarp/input/PTF201111025428_2_o_33289_06.w.weight.fits                                     16.00433349609375 MB
/global/cscratch1/sd/lpottier/workflow-io-bb/real-workflows/swarp/input/PTF201111165032_2_o_35994_06.w.fits                                            32.02789306640625 MB
/global/cscratch1/sd/lpottier/workflow-io-bb/real-workflows/swarp/input/PTF201111304878_2_o_40204_06.w.fits                                            32.02789306640625 MB
/global/cscratch1/sd/lpottier/workflow-io-bb/real-workflows/swarp/input/PTF201111155050_2_o_35570_06.w.fits                                            32.02789306640625 MB
/global/cscratch1/sd/lpottier/workflow-io-bb/real-workflows/swarp/input/PTF201111224851_2_o_37387_06.w.weight.fits                                     16.00433349609375 MB
/global/cscratch1/sd/lpottier/workflow-io-bb/real-workflows/swarp/input/PTF201111025428_2_o_33289_06.w.fits                                            32.02789306640625 MB
/global/cscratch1/sd/lpottier/workflow-io-bb/real-workflows/swarp/input/PTF201111265053_2_o_38612_06.w.weight.fits                                     16.00433349609375 MB
/global/cscratch1/sd/lpottier/workflow-io-bb/real-workflows/swarp/input/PTF201111304878_2_o_40204_06.w.weight.fits                                     16.00433349609375 MB
/global/cscratch1/sd/lpottier/workflow-io-bb/real-workflows/swarp/input/PTF201111165032_2_o_35994_06.w.weight.fits                                     16.00433349609375 MB

ON BURST BUFFERS                                                                                                                                       0.0% (0.0 MB)
Starting RESAMPLE... 2019-12-16 12:20:31.035070924-08:00
Launching RESAMPLE process 1 at:2019-12-16 12:20:31.045099872-08:00 ... 
Launching RESAMPLE process 2 at:2019-12-16 12:20:31.050601908-08:00 ... 
Launching RESAMPLE process 3 at:2019-12-16 12:20:31.057898764-08:00 ... 
Launching RESAMPLE process 4 at:2019-12-16 12:20:31.065409914-08:00 ... 
TIME RESAMPLE 172.542325803
Starting COMBINE... 2019-12-16 12:23:23.642478540-08:00
Launching COMBINE process 1 at:2019-12-16 12:23:23.652712081-08:00 ... 
Launching COMBINE process 2 at:2019-12-16 12:23:23.658195706-08:00 ... 
Launching COMBINE process 3 at:2019-12-16 12:23:23.664607238-08:00 ... 
Launching COMBINE process 4 at:2019-12-16 12:23:23.670393078-08:00 ... 
TIME COMBINE 149.833539750
1.3G	/var/opt/cray/dws/mounts/batch/26813109_striped_scratch/
Starting STAGE_OUT... 2019-12-16 12:25:53.564019786-08:00
Launching STAGEOUT process 1 at:2019-12-16 12:25:53.573503109-08:00 ... 
Launching STAGEOUT process 2 at:2019-12-16 12:25:53.578222914-08:00 ... 
Launching STAGEOUT process 3 at:2019-12-16 12:25:53.583297150-08:00 ... 
Launching STAGEOUT process 4 at:2019-12-16 12:25:53.591716825-08:00 ... 
TIME STAGE_OUT 1.987894215
========
TIME TOTAL 324.465508189
