Number of files kept in PFS:0/0
NODE=1
TASK=1
CORE=16
NTASKS_PER_NODE=
Compute nodes: nid00727 
Starting STAGE_IN... 2019-12-16 12:16:58.667487803-08:00
TIME STAGE_IN .101161921
/global/cscratch1/sd/lpottier/workflow-io-bb/real-workflows/swarp/input/PTF201111274755_2_o_38996_06.w.weight.fits                                     16.00433349609375 MB
/global/cscratch1/sd/lpottier/workflow-io-bb/real-workflows/swarp/input/PTF201111234857_2_o_37754_06.w.fits                                            32.02789306640625 MB
/global/cscratch1/sd/lpottier/workflow-io-bb/real-workflows/swarp/input/PTF201111095206_2_o_34706_06.w.fits                                            32.02789306640625 MB
/global/cscratch1/sd/lpottier/workflow-io-bb/real-workflows/swarp/input/PTF201111184953_2_o_36749_06.w.weight.fits                                     16.00433349609375 MB
/global/cscratch1/sd/lpottier/workflow-io-bb/real-workflows/swarp/input/PTF201111294943_2_o_39822_06.w.weight.fits                                     16.00433349609375 MB
/global/cscratch1/sd/lpottier/workflow-io-bb/real-workflows/swarp/input/PTF201111294943_2_o_39822_06.w.fits                                            32.02789306640625 MB
/global/cscratch1/sd/lpottier/workflow-io-bb/real-workflows/swarp/input/PTF201111184953_2_o_36749_06.w.fits                                            32.02789306640625 MB
/global/cscratch1/sd/lpottier/workflow-io-bb/real-workflows/swarp/input/PTF201111284696_2_o_39396_06.w.weight.fits                                     16.00433349609375 MB
/global/cscratch1/sd/lpottier/workflow-io-bb/real-workflows/swarp/input/PTF201111284696_2_o_39396_06.w.fits                                            32.02789306640625 MB
/global/cscratch1/sd/lpottier/workflow-io-bb/real-workflows/swarp/input/PTF201111015420_2_o_32874_06.w.weight.fits                                     16.00433349609375 MB
/global/cscratch1/sd/lpottier/workflow-io-bb/real-workflows/swarp/input/PTF201111025412_2_o_33288_06.w.fits                                            32.02789306640625 MB
/global/cscratch1/sd/lpottier/workflow-io-bb/real-workflows/swarp/input/PTF201111155050_2_o_35570_06.w.weight.fits                                     16.00433349609375 MB
/global/cscratch1/sd/lpottier/workflow-io-bb/real-workflows/swarp/input/PTF201111224851_2_o_37387_06.w.fits                                            32.02789306640625 MB
/global/cscratch1/sd/lpottier/workflow-io-bb/real-workflows/swarp/input/PTF201111035427_2_o_33741_06.w.weight.fits                                     16.00433349609375 MB
/global/cscratch1/sd/lpottier/workflow-io-bb/real-workflows/swarp/input/PTF201111265053_2_o_38612_06.w.fits                                            32.02789306640625 MB
/global/cscratch1/sd/lpottier/workflow-io-bb/real-workflows/swarp/input/PTF201111095206_2_o_34706_06.w.weight.fits                                     16.00433349609375 MB
/global/cscratch1/sd/lpottier/workflow-io-bb/real-workflows/swarp/input/PTF201111085228_2_o_34301_06.w.weight.fits                                     16.00433349609375 MB
/global/cscratch1/sd/lpottier/workflow-io-bb/real-workflows/swarp/input/PTF201111234857_2_o_37754_06.w.weight.fits                                     16.00433349609375 MB
/global/cscratch1/sd/lpottier/workflow-io-bb/real-workflows/swarp/input/PTF201111274755_2_o_38996_06.w.fits                                            32.02789306640625 MB
/global/cscratch1/sd/lpottier/workflow-io-bb/real-workflows/swarp/input/PTF201111025412_2_o_33288_06.w.weight.fits                                     16.00433349609375 MB
/global/cscratch1/sd/lpottier/workflow-io-bb/real-workflows/swarp/input/PTF201111035427_2_o_33741_06.w.fits                                            32.02789306640625 MB
/global/cscratch1/sd/lpottier/workflow-io-bb/real-workflows/swarp/input/PTF201111015420_2_o_32874_06.w.fits                                            32.02789306640625 MB
/global/cscratch1/sd/lpottier/workflow-io-bb/real-workflows/swarp/input/PTF201111085228_2_o_34301_06.w.fits                                            32.02789306640625 MB
/global/cscratch1/sd/lpottier/workflow-io-bb/real-workflows/swarp/input/PTF201111025428_2_o_33289_06.w.weight.fits                                     16.00433349609375 MB
/global/cscratch1/sd/lpottier/workflow-io-bb/real-workflows/swarp/input/PTF201111165032_2_o_35994_06.w.fits                                            32.02789306640625 MB
/global/cscratch1/sd/lpottier/workflow-io-bb/real-workflows/swarp/input/PTF201111304878_2_o_40204_06.w.fits                                            32.02789306640625 MB
/global/cscratch1/sd/lpottier/workflow-io-bb/real-workflows/swarp/input/PTF201111155050_2_o_35570_06.w.fits                                            32.02789306640625 MB
/global/cscratch1/sd/lpottier/workflow-io-bb/real-workflows/swarp/input/PTF201111224851_2_o_37387_06.w.weight.fits                                     16.00433349609375 MB
/global/cscratch1/sd/lpottier/workflow-io-bb/real-workflows/swarp/input/PTF201111025428_2_o_33289_06.w.fits                                            32.02789306640625 MB
/global/cscratch1/sd/lpottier/workflow-io-bb/real-workflows/swarp/input/PTF201111265053_2_o_38612_06.w.weight.fits                                     16.00433349609375 MB
/global/cscratch1/sd/lpottier/workflow-io-bb/real-workflows/swarp/input/PTF201111304878_2_o_40204_06.w.weight.fits                                     16.00433349609375 MB
/global/cscratch1/sd/lpottier/workflow-io-bb/real-workflows/swarp/input/PTF201111165032_2_o_35994_06.w.weight.fits                                     16.00433349609375 MB

ON BURST BUFFERS                                                                                                                                       0.0% (0.0 MB)
Starting RESAMPLE... 2019-12-16 12:16:59.344057905-08:00
Launching RESAMPLE process 1 at:2019-12-16 12:16:59.363002758-08:00 ... 
TIME RESAMPLE 48.288843347
Starting COMBINE... 2019-12-16 12:17:47.688052088-08:00
Launching COMBINE process 1 at:2019-12-16 12:17:47.700631709-08:00 ... 
TIME COMBINE 46.593210310
1018M	/var/opt/cray/dws/mounts/batch/26813106_striped_scratch/
Starting STAGE_OUT... 2019-12-16 12:18:34.395836398-08:00
Launching STAGEOUT process 1 at:2019-12-16 12:18:34.439276390-08:00 ... 
TIME STAGE_OUT 1.157955898
========
TIME TOTAL 96.141171476
