Number of files kept in PFS:0/0
NODE=2
TASK=2
CORE=16
NTASKS_PER_NODE=
Compute nodes: nid00645
nid00645 
Starting STAGE_IN... 2019-12-16 12:20:20.666541505-08:00
TIME STAGE_IN .105784191
/global/cscratch1/sd/lpottier/workflow-io-bb/real-workflows/swarp/input/PTF201111274755_2_o_38996_06.w.weight.fits                                     16.00433349609375 MB
/global/cscratch1/sd/lpottier/workflow-io-bb/real-workflows/swarp/input/PTF201111234857_2_o_37754_06.w.fits                                            32.02789306640625 MB
/global/cscratch1/sd/lpottier/workflow-io-bb/real-workflows/swarp/input/PTF201111095206_2_o_34706_06.w.fits                                            32.02789306640625 MB
/global/cscratch1/sd/lpottier/workflow-io-bb/real-workflows/swarp/input/PTF201111184953_2_o_36749_06.w.weight.fits                                     16.00433349609375 MB
/global/cscratch1/sd/lpottier/workflow-io-bb/real-workflows/swarp/input/PTF201111294943_2_o_39822_06.w.weight.fits                                     16.00433349609375 MB
/global/cscratch1/sd/lpottier/workflow-io-bb/real-workflows/swarp/input/PTF201111294943_2_o_39822_06.w.fits                                            32.02789306640625 MB
/global/cscratch1/sd/lpottier/workflow-io-bb/real-workflows/swarp/input/PTF201111184953_2_o_36749_06.w.fits                                            32.02789306640625 MB
/global/cscratch1/sd/lpottier/workflow-io-bb/real-workflows/swarp/input/PTF201111284696_2_o_39396_06.w.weight.fits                                     16.00433349609375 MB
/global/cscratch1/sd/lpottier/workflow-io-bb/real-workflows/swarp/input/PTF201111284696_2_o_39396_06.w.fits                                            32.02789306640625 MB
/global/cscratch1/sd/lpottier/workflow-io-bb/real-workflows/swarp/input/PTF201111015420_2_o_32874_06.w.weight.fits                                     16.00433349609375 MB
/global/cscratch1/sd/lpottier/workflow-io-bb/real-workflows/swarp/input/PTF201111025412_2_o_33288_06.w.fits                                            32.02789306640625 MB
/global/cscratch1/sd/lpottier/workflow-io-bb/real-workflows/swarp/input/PTF201111155050_2_o_35570_06.w.weight.fits                                     16.00433349609375 MB
/global/cscratch1/sd/lpottier/workflow-io-bb/real-workflows/swarp/input/PTF201111224851_2_o_37387_06.w.fits                                            32.02789306640625 MB
/global/cscratch1/sd/lpottier/workflow-io-bb/real-workflows/swarp/input/PTF201111035427_2_o_33741_06.w.weight.fits                                     16.00433349609375 MB
/global/cscratch1/sd/lpottier/workflow-io-bb/real-workflows/swarp/input/PTF201111265053_2_o_38612_06.w.fits                                            32.02789306640625 MB
/global/cscratch1/sd/lpottier/workflow-io-bb/real-workflows/swarp/input/PTF201111095206_2_o_34706_06.w.weight.fits                                     16.00433349609375 MB
/global/cscratch1/sd/lpottier/workflow-io-bb/real-workflows/swarp/input/PTF201111085228_2_o_34301_06.w.weight.fits                                     16.00433349609375 MB
/global/cscratch1/sd/lpottier/workflow-io-bb/real-workflows/swarp/input/PTF201111234857_2_o_37754_06.w.weight.fits                                     16.00433349609375 MB
/global/cscratch1/sd/lpottier/workflow-io-bb/real-workflows/swarp/input/PTF201111274755_2_o_38996_06.w.fits                                            32.02789306640625 MB
/global/cscratch1/sd/lpottier/workflow-io-bb/real-workflows/swarp/input/PTF201111025412_2_o_33288_06.w.weight.fits                                     16.00433349609375 MB
/global/cscratch1/sd/lpottier/workflow-io-bb/real-workflows/swarp/input/PTF201111035427_2_o_33741_06.w.fits                                            32.02789306640625 MB
/global/cscratch1/sd/lpottier/workflow-io-bb/real-workflows/swarp/input/PTF201111015420_2_o_32874_06.w.fits                                            32.02789306640625 MB
/global/cscratch1/sd/lpottier/workflow-io-bb/real-workflows/swarp/input/PTF201111085228_2_o_34301_06.w.fits                                            32.02789306640625 MB
/global/cscratch1/sd/lpottier/workflow-io-bb/real-workflows/swarp/input/PTF201111025428_2_o_33289_06.w.weight.fits                                     16.00433349609375 MB
/global/cscratch1/sd/lpottier/workflow-io-bb/real-workflows/swarp/input/PTF201111165032_2_o_35994_06.w.fits                                            32.02789306640625 MB
/global/cscratch1/sd/lpottier/workflow-io-bb/real-workflows/swarp/input/PTF201111304878_2_o_40204_06.w.fits                                            32.02789306640625 MB
/global/cscratch1/sd/lpottier/workflow-io-bb/real-workflows/swarp/input/PTF201111155050_2_o_35570_06.w.fits                                            32.02789306640625 MB
/global/cscratch1/sd/lpottier/workflow-io-bb/real-workflows/swarp/input/PTF201111224851_2_o_37387_06.w.weight.fits                                     16.00433349609375 MB
/global/cscratch1/sd/lpottier/workflow-io-bb/real-workflows/swarp/input/PTF201111025428_2_o_33289_06.w.fits                                            32.02789306640625 MB
/global/cscratch1/sd/lpottier/workflow-io-bb/real-workflows/swarp/input/PTF201111265053_2_o_38612_06.w.weight.fits                                     16.00433349609375 MB
/global/cscratch1/sd/lpottier/workflow-io-bb/real-workflows/swarp/input/PTF201111304878_2_o_40204_06.w.weight.fits                                     16.00433349609375 MB
/global/cscratch1/sd/lpottier/workflow-io-bb/real-workflows/swarp/input/PTF201111165032_2_o_35994_06.w.weight.fits                                     16.00433349609375 MB

ON BURST BUFFERS                                                                                                                                       0.0% (0.0 MB)
Starting RESAMPLE... 2019-12-16 12:20:20.911065972-08:00
Launching RESAMPLE process 1 at:2019-12-16 12:20:20.921286455-08:00 ... 
Launching RESAMPLE process 2 at:2019-12-16 12:20:20.926962005-08:00 ... 
TIME RESAMPLE 86.689345260
Starting COMBINE... 2019-12-16 12:21:47.639220936-08:00
Launching COMBINE process 1 at:2019-12-16 12:21:47.648987354-08:00 ... 
Launching COMBINE process 2 at:2019-12-16 12:21:47.655224455-08:00 ... 
TIME COMBINE 81.521870613
2.2G	/var/opt/cray/dws/mounts/batch/26813108_striped_scratch/
Starting STAGE_OUT... 2019-12-16 12:23:09.254424636-08:00
Launching STAGEOUT process 1 at:2019-12-16 12:23:09.265602940-08:00 ... 
Launching STAGEOUT process 2 at:2019-12-16 12:23:09.271348309-08:00 ... 
TIME STAGE_OUT 1.110131106
========
TIME TOTAL 169.427131170
