Number of files kept in PFS: 12/32
NODE 1
TASK 1
CORE 1
session ID is: 25924
instance ID is: 17711
fragments list:
frag state instID capacity gran node
1411132  CA-- 17711  20.14GiB nid01870 
Starting STAGE_IN... 2019-11-14 15:44:11.186709206-08:00
TIME STAGE_IN 4.071483819
/var/opt/cray/dws/mounts/batch/25823430_striped_scratch/input/PTF201111274755_2_o_38996_06.w.weight.fits                                               16.00433349609375 MB
/var/opt/cray/dws/mounts/batch/25823430_striped_scratch/input/PTF201111234857_2_o_37754_06.w.fits                                                      32.02789306640625 MB
/global/cscratch1/sd/lpottier/workflow-io-bb/real-workflows/swarp//input/PTF201111095206_2_o_34706_06.w.fits                                           32.02789306640625 MB
/var/opt/cray/dws/mounts/batch/25823430_striped_scratch/input/PTF201111184953_2_o_36749_06.w.weight.fits                                               16.00433349609375 MB
/var/opt/cray/dws/mounts/batch/25823430_striped_scratch/input/PTF201111294943_2_o_39822_06.w.weight.fits                                               16.00433349609375 MB
/var/opt/cray/dws/mounts/batch/25823430_striped_scratch/input/PTF201111294943_2_o_39822_06.w.fits                                                      32.02789306640625 MB
/var/opt/cray/dws/mounts/batch/25823430_striped_scratch/input/PTF201111184953_2_o_36749_06.w.fits                                                      32.02789306640625 MB
/var/opt/cray/dws/mounts/batch/25823430_striped_scratch/input/PTF201111284696_2_o_39396_06.w.weight.fits                                               16.00433349609375 MB
/var/opt/cray/dws/mounts/batch/25823430_striped_scratch/input/PTF201111284696_2_o_39396_06.w.fits                                                      32.02789306640625 MB
/global/cscratch1/sd/lpottier/workflow-io-bb/real-workflows/swarp//input/PTF201111015420_2_o_32874_06.w.weight.fits                                    16.00433349609375 MB
/global/cscratch1/sd/lpottier/workflow-io-bb/real-workflows/swarp//input/PTF201111025412_2_o_33288_06.w.fits                                           32.02789306640625 MB
/var/opt/cray/dws/mounts/batch/25823430_striped_scratch/input/PTF201111155050_2_o_35570_06.w.weight.fits                                               16.00433349609375 MB
/var/opt/cray/dws/mounts/batch/25823430_striped_scratch/input/PTF201111224851_2_o_37387_06.w.fits                                                      32.02789306640625 MB
/global/cscratch1/sd/lpottier/workflow-io-bb/real-workflows/swarp//input/PTF201111035427_2_o_33741_06.w.weight.fits                                    16.00433349609375 MB
/var/opt/cray/dws/mounts/batch/25823430_striped_scratch/input/PTF201111265053_2_o_38612_06.w.fits                                                      32.02789306640625 MB
/global/cscratch1/sd/lpottier/workflow-io-bb/real-workflows/swarp//input/PTF201111095206_2_o_34706_06.w.weight.fits                                    16.00433349609375 MB
/global/cscratch1/sd/lpottier/workflow-io-bb/real-workflows/swarp//input/PTF201111085228_2_o_34301_06.w.weight.fits                                    16.00433349609375 MB
/var/opt/cray/dws/mounts/batch/25823430_striped_scratch/input/PTF201111234857_2_o_37754_06.w.weight.fits                                               16.00433349609375 MB
/var/opt/cray/dws/mounts/batch/25823430_striped_scratch/input/PTF201111274755_2_o_38996_06.w.fits                                                      32.02789306640625 MB
/global/cscratch1/sd/lpottier/workflow-io-bb/real-workflows/swarp//input/PTF201111025412_2_o_33288_06.w.weight.fits                                    16.00433349609375 MB
/global/cscratch1/sd/lpottier/workflow-io-bb/real-workflows/swarp//input/PTF201111035427_2_o_33741_06.w.fits                                           32.02789306640625 MB
/global/cscratch1/sd/lpottier/workflow-io-bb/real-workflows/swarp//input/PTF201111015420_2_o_32874_06.w.fits                                           32.02789306640625 MB
/global/cscratch1/sd/lpottier/workflow-io-bb/real-workflows/swarp//input/PTF201111085228_2_o_34301_06.w.fits                                           32.02789306640625 MB
/global/cscratch1/sd/lpottier/workflow-io-bb/real-workflows/swarp//input/PTF201111025428_2_o_33289_06.w.weight.fits                                    16.00433349609375 MB
/var/opt/cray/dws/mounts/batch/25823430_striped_scratch/input/PTF201111165032_2_o_35994_06.w.fits                                                      32.02789306640625 MB
/var/opt/cray/dws/mounts/batch/25823430_striped_scratch/input/PTF201111304878_2_o_40204_06.w.fits                                                      32.02789306640625 MB
/var/opt/cray/dws/mounts/batch/25823430_striped_scratch/input/PTF201111155050_2_o_35570_06.w.fits                                                      32.02789306640625 MB
/var/opt/cray/dws/mounts/batch/25823430_striped_scratch/input/PTF201111224851_2_o_37387_06.w.weight.fits                                               16.00433349609375 MB
/global/cscratch1/sd/lpottier/workflow-io-bb/real-workflows/swarp//input/PTF201111025428_2_o_33289_06.w.fits                                           32.02789306640625 MB
/var/opt/cray/dws/mounts/batch/25823430_striped_scratch/input/PTF201111265053_2_o_38612_06.w.weight.fits                                               16.00433349609375 MB
/var/opt/cray/dws/mounts/batch/25823430_striped_scratch/input/PTF201111304878_2_o_40204_06.w.weight.fits                                               16.00433349609375 MB
/var/opt/cray/dws/mounts/batch/25823430_striped_scratch/input/PTF201111165032_2_o_35994_06.w.weight.fits                                               16.00433349609375 MB

ON BURST BUFFERS                                                                                                                                       62.5% (480.32 MB)
481M	/var/opt/cray/dws/mounts/batch/25823430_striped_scratch/
Starting RESAMPLE... 2019-11-14 15:44:15.394499983-08:00
TIME RESAMPLE 122.202986455
Starting combine... 2019-11-14 15:46:17.625372090-08:00
TIME COMBINE 59.203552849
1.5G	/var/opt/cray/dws/mounts/batch/25823430_striped_scratch/
Starting STAGE_OUT... 2019-11-14 15:47:16.885420409-08:00
